\BOOKMARK [0][-]{chapter.1}{Compiling the code}{}% 1
\BOOKMARK [0][-]{chapter.2}{Input and Output Files}{}% 2
\BOOKMARK [1][-]{section.2.1}{Input Files}{chapter.2}% 3
\BOOKMARK [1][-]{section.2.2}{Output Files}{chapter.2}% 4
\BOOKMARK [0][-]{chapter.3}{Running a Simulation}{}% 5
\BOOKMARK [1][-]{section.3.1}{Control File \(*.control\) - Overview}{chapter.3}% 6
\BOOKMARK [1][-]{section.3.2}{Boundary conditions}{chapter.3}% 7
\BOOKMARK [0][-]{chapter.4}{Restarting a Case}{}% 8
\BOOKMARK [0][-]{chapter.5}{Physics related keyword}{}% 9
\BOOKMARK [1][-]{section.5.1}{Compressible flow}{chapter.5}% 10
\BOOKMARK [1][-]{section.5.2}{Incompressible Navier-Stokes}{chapter.5}% 11
\BOOKMARK [1][-]{section.5.3}{Cahn-Hilliard}{chapter.5}% 12
\BOOKMARK [0][-]{chapter.6}{Implicit Solvers}{}% 13
\BOOKMARK [1][-]{section.6.1}{General Keywords}{chapter.6}% 14
\BOOKMARK [1][-]{section.6.2}{Jacobian Specifications}{chapter.6}% 15
\BOOKMARK [1][-]{section.6.3}{Multigrid}{chapter.6}% 16
\BOOKMARK [0][-]{chapter.7}{p-Adaptation Methods}{}% 17
\BOOKMARK [1][-]{section.7.1}{Multiple truncation error estimations}{chapter.7}% 18
\BOOKMARK [0][-]{chapter.8}{Monitors}{}% 19
\BOOKMARK [1][-]{section.8.1}{Statistics Monitor}{chapter.8}% 20
\BOOKMARK [1][-]{section.8.2}{Probes}{chapter.8}% 21
\BOOKMARK [1][-]{section.8.3}{Surface Monitors}{chapter.8}% 22
\BOOKMARK [1][-]{section.8.4}{Volume Monitors}{chapter.8}% 23
\BOOKMARK [0][-]{chapter.9}{Advanced User Setup}{}% 24
\BOOKMARK [1][-]{section.9.1}{Routines of the Problem File: ProblemFile.f90}{chapter.9}% 25
\BOOKMARK [1][-]{section.9.2}{Compiling the Problem File}{chapter.9}% 26
\BOOKMARK [0][-]{chapter.10}{Postprocessing}{}% 27
\BOOKMARK [1][-]{section.10.1}{Visualization with Tecplot Format: horses2plt}{chapter.10}% 28
\BOOKMARK [2][-]{subsection.10.1.1}{Mesh}{section.10.1}% 29
\BOOKMARK [2][-]{subsection.10.1.2}{Solution Files \(*.hsol\)}{section.10.1}% 30
\BOOKMARK [2][-]{subsection.10.1.3}{Statistics Files \(*.stats.hsol\)}{section.10.1}% 31
\BOOKMARK [1][-]{section.10.2}{Extract geometry}{chapter.10}% 32
\BOOKMARK [1][-]{section.10.3}{Merge statistics tool}{chapter.10}% 33
